gyp info it worked if it ends with ok
gyp info using node-gyp@7.1.2
gyp info using node@14.16.1 | darwin | x64
gyp info find Python using Python version 3.9.2 found at "/Library/Frameworks/Python.framework/Versions/3.9/bin/python3"
gyp info spawn /Library/Frameworks/Python.framework/Versions/3.9/bin/python3
gyp info spawn args [
gyp info spawn args   '/usr/local/lib/node_modules/npm/node_modules/node-gyp/gyp/gyp_main.py',
gyp info spawn args   'binding.gyp',
gyp info spawn args   '-f',
gyp info spawn args   'make',
gyp info spawn args   '-I',
gyp info spawn args   '/Users/harsh1tsa1n1/Desktop/kickstart/node_modules/web3-providers-ws/node_modules/websocket/build/config.gypi',
gyp info spawn args   '-I',
gyp info spawn args   '/usr/local/lib/node_modules/npm/node_modules/node-gyp/addon.gypi',
gyp info spawn args   '-I',
gyp info spawn args   '/Users/harsh1tsa1n1/Library/Caches/node-gyp/14.16.1/include/node/common.gypi',
gyp info spawn args   '-Dlibrary=shared_library',
gyp info spawn args   '-Dvisibility=default',
gyp info spawn args   '-Dnode_root_dir=/Users/harsh1tsa1n1/Library/Caches/node-gyp/14.16.1',
gyp info spawn args   '-Dnode_gyp_dir=/usr/local/lib/node_modules/npm/node_modules/node-gyp',
gyp info spawn args   '-Dnode_lib_file=/Users/harsh1tsa1n1/Library/Caches/node-gyp/14.16.1/<(target_arch)/node.lib',
gyp info spawn args   '-Dmodule_root_dir=/Users/harsh1tsa1n1/Desktop/kickstart/node_modules/web3-providers-ws/node_modules/websocket',
gyp info spawn args   '-Dnode_engine=v8',
gyp info spawn args   '--depth=.',
gyp info spawn args   '--no-parallel',
gyp info spawn args   '--generator-output',
gyp info spawn args   'build',
gyp info spawn args   '-Goutput_dir=.'
gyp info spawn args ]
No receipt for 'com.apple.pkg.CLTools_Executables' found at '/'.

No receipt for 'com.apple.pkg.DeveloperToolsCLILeo' found at '/'.

No receipt for 'com.apple.pkg.DeveloperToolsCLI' found at '/'.

gyp info spawn make
gyp info spawn args [ 'BUILDTYPE=Release', '-C', 'build' ]
../src/bufferutil.cc:34:86: error: too few arguments to function call, single argument 'context' was not specified
    Nan::Set(target, Nan::New<String>("BufferUtil").ToLocalChecked(), t->GetFunction());
                                                                      ~~~~~~~~~~~~~~ ^
/Users/harsh1tsa1n1/Library/Caches/node-gyp/14.16.1/include/node/v8.h:6482:46: note: 'GetFunction' declared here
  V8_WARN_UNUSED_RESULT MaybeLocal<Function> GetFunction(
                                             ^
../src/bufferutil.cc:50:49: error: too few arguments to function call, single argument 'context' was not specified
    Local<Object> bufferObj = info[0]->ToObject();
                              ~~~~~~~~~~~~~~~~~ ^
/Users/harsh1tsa1n1/Library/Caches/node-gyp/14.16.1/include/node/v8.h:2822:44: note: 'ToObject' declared here
  V8_WARN_UNUSED_RESULT MaybeLocal<Object> ToObject(
                                           ^
../src/bufferutil.cc:57:34: error: no matching member function for call to 'Get'
      Local<Object> src = array->Get(i)->ToObject();
                          ~~~~~~~^~~
/Users/harsh1tsa1n1/Library/Caches/node-gyp/14.16.1/include/node/v8.h:3717:43: note: candidate function not viable: requires 2 arguments, but 1 was provided
  V8_WARN_UNUSED_RESULT MaybeLocal<Value> Get(Local<Context> context,
                                          ^
/Users/harsh1tsa1n1/Library/Caches/node-gyp/14.16.1/include/node/v8.h:3720:43: note: candidate function not viable: requires 2 arguments, but 1 was provided
  V8_WARN_UNUSED_RESULT MaybeLocal<Value> Get(Local<Context> context,
                                          ^
../src/bufferutil.cc:68:50: error: too few arguments to function call, single argument 'context' was not specified
    Local<Object> buffer_obj = info[0]->ToObject();
                               ~~~~~~~~~~~~~~~~~ ^
/Users/harsh1tsa1n1/Library/Caches/node-gyp/14.16.1/include/node/v8.h:2822:44: note: 'ToObject' declared here
  V8_WARN_UNUSED_RESULT MaybeLocal<Object> ToObject(
                                           ^
../src/bufferutil.cc:70:48: error: too few arguments to function call, single argument 'context' was not specified
    Local<Object> mask_obj = info[1]->ToObject();
                             ~~~~~~~~~~~~~~~~~ ^
/Users/harsh1tsa1n1/Library/Caches/node-gyp/14.16.1/include/node/v8.h:2822:44: note: 'ToObject' declared here
  V8_WARN_UNUSED_RESULT MaybeLocal<Object> ToObject(
                                           ^
../src/bufferutil.cc:89:50: error: too few arguments to function call, single argument 'context' was not specified
    Local<Object> buffer_obj = info[0]->ToObject();
                               ~~~~~~~~~~~~~~~~~ ^
/Users/harsh1tsa1n1/Library/Caches/node-gyp/14.16.1/include/node/v8.h:2822:44: note: 'ToObject' declared here
  V8_WARN_UNUSED_RESULT MaybeLocal<Object> ToObject(
                                           ^
../src/bufferutil.cc:90:48: error: too few arguments to function call, single argument 'context' was not specified
    Local<Object> mask_obj = info[1]->ToObject();
                             ~~~~~~~~~~~~~~~~~ ^
/Users/harsh1tsa1n1/Library/Caches/node-gyp/14.16.1/include/node/v8.h:2822:44: note: 'ToObject' declared here
  V8_WARN_UNUSED_RESULT MaybeLocal<Object> ToObject(
                                           ^
../src/bufferutil.cc:92:50: error: too few arguments to function call, single argument 'context' was not specified
    Local<Object> output_obj = info[2]->ToObject();
                               ~~~~~~~~~~~~~~~~~ ^
/Users/harsh1tsa1n1/Library/Caches/node-gyp/14.16.1/include/node/v8.h:2822:44: note: 'ToObject' declared here
  V8_WARN_UNUSED_RESULT MaybeLocal<Object> ToObject(
                                           ^
../src/bufferutil.cc:93:51: error: too few arguments to function call, single argument 'context' was not specified
    unsigned int dataOffset = info[3]->Int32Value();
                              ~~~~~~~~~~~~~~~~~~~ ^
/Users/harsh1tsa1n1/Library/Caches/node-gyp/14.16.1/include/node/v8.h:2869:40: note: 'Int32Value' declared here
  V8_WARN_UNUSED_RESULT Maybe<int32_t> Int32Value(Local<Context> context) const;
                                       ^
../src/bufferutil.cc:94:47: error: too few arguments to function call, single argument 'context' was not specified
    unsigned int length = info[4]->Int32Value();
                          ~~~~~~~~~~~~~~~~~~~ ^
/Users/harsh1tsa1n1/Library/Caches/node-gyp/14.16.1/include/node/v8.h:2869:40: note: 'Int32Value' declared here
  V8_WARN_UNUSED_RESULT Maybe<int32_t> Int32Value(Local<Context> context) const;
                                       ^
10 errors generated.
make: *** [Release/obj.target/bufferutil/src/bufferutil.o] Error 1
gyp ERR! build error 
gyp ERR! stack Error: `make` failed with exit code: 2
gyp ERR! stack     at ChildProcess.onExit (/usr/local/lib/node_modules/npm/node_modules/node-gyp/lib/build.js:194:23)
gyp ERR! stack     at ChildProcess.emit (events.js:315:20)
gyp ERR! stack     at Process.ChildProcess._handle.onexit (internal/child_process.js:277:12)
gyp ERR! System Darwin 20.6.0
gyp ERR! command "/usr/local/bin/node" "/usr/local/lib/node_modules/npm/node_modules/node-gyp/bin/node-gyp.js" "rebuild"
gyp ERR! cwd /Users/harsh1tsa1n1/Desktop/kickstart/node_modules/web3-providers-ws/node_modules/websocket
gyp ERR! node -v v14.16.1
gyp ERR! node-gyp -v v7.1.2
gyp ERR! not ok 
